2025-04-23 11:20:57,481:INFO: Configuration saved to ./logs/pokemon2000-vae/config.yaml
2025-04-23 11:20:57,631:INFO: Using GPU: NVIDIA GeForce RTX 4090
2025-04-23 11:22:52,992:INFO: Configuration saved to ./logs/pokemon2000-vae/config.yaml
2025-04-23 11:22:53,148:INFO: Using GPU: NVIDIA GeForce RTX 4090
2025-04-23 11:22:54,338:INFO: Starting training...
2025-04-23 11:23:20,304:INFO: Configuration saved to ./logs/pokemon2000-vae/config.yaml
2025-04-23 11:23:20,474:INFO: Using GPU: NVIDIA GeForce RTX 4090
2025-04-23 11:23:21,532:INFO: Starting training...
2025-04-23 11:23:37,340:INFO: Epoch [1/400], Train Loss: 1996946.1687 | Validation Loss: 1453990.8164
2025-04-23 11:23:37,614:INFO: Best model saved with loss: 1453990.8164
2025-04-23 11:23:51,314:INFO: Epoch [2/400], Train Loss: 1322117.4464 | Validation Loss: 1254094.5547
2025-04-23 11:23:51,711:INFO: Best model saved with loss: 1254094.5547
2025-04-23 11:24:05,465:INFO: Epoch [3/400], Train Loss: 1209863.1696 | Validation Loss: 1182907.2227
2025-04-23 11:24:05,940:INFO: Best model saved with loss: 1182907.2227
2025-04-23 11:24:19,638:INFO: Epoch [4/400], Train Loss: 1139498.7490 | Validation Loss: 1118832.9727
2025-04-23 11:24:20,042:INFO: Best model saved with loss: 1118832.9727
2025-04-23 11:24:33,786:INFO: Epoch [5/400], Train Loss: 1066051.9643 | Validation Loss: 1076130.9727
2025-04-23 11:24:34,191:INFO: Best model saved with loss: 1076130.9727
2025-04-23 11:24:47,971:INFO: Epoch [6/400], Train Loss: 1020413.6925 | Validation Loss: 1045314.8594
2025-04-23 11:24:48,385:INFO: Best model saved with loss: 1045314.8594
2025-04-23 11:25:02,110:INFO: Epoch [7/400], Train Loss: 988444.1339 | Validation Loss: 1022145.8984
2025-04-23 11:25:02,527:INFO: Best model saved with loss: 1022145.8984
2025-04-23 11:25:16,281:INFO: Epoch [8/400], Train Loss: 957938.2183 | Validation Loss: 1023113.1250
2025-04-23 11:25:30,297:INFO: Epoch [9/400], Train Loss: 936775.9623 | Validation Loss: 999318.9766
2025-04-23 11:25:30,703:INFO: Best model saved with loss: 999318.9766
2025-04-23 11:25:44,462:INFO: Epoch [10/400], Train Loss: 909357.0278 | Validation Loss: 989637.4219
2025-04-23 11:25:44,874:INFO: Best model saved with loss: 989637.4219
2025-04-23 11:25:58,695:INFO: Epoch [11/400], Train Loss: 888897.4122 | Validation Loss: 959839.0039
2025-04-23 11:25:59,109:INFO: Best model saved with loss: 959839.0039
2025-04-23 11:26:12,974:INFO: Epoch [12/400], Train Loss: 871051.0198 | Validation Loss: 954290.1836
2025-04-23 11:26:13,399:INFO: Best model saved with loss: 954290.1836
2025-04-23 11:26:27,304:INFO: Epoch [13/400], Train Loss: 847618.1994 | Validation Loss: 939519.3789
2025-04-23 11:26:27,727:INFO: Best model saved with loss: 939519.3789
2025-04-23 11:26:41,514:INFO: Epoch [14/400], Train Loss: 834851.4762 | Validation Loss: 958743.4922
2025-04-23 11:26:55,650:INFO: Epoch [15/400], Train Loss: 823784.0635 | Validation Loss: 984045.0078
2025-04-23 11:27:09,808:INFO: Epoch [16/400], Train Loss: 798475.3522 | Validation Loss: 950760.3398
2025-04-23 11:27:23,895:INFO: Epoch [17/400], Train Loss: 783557.2465 | Validation Loss: 948307.9453
2025-04-23 11:27:37,976:INFO: Epoch [18/400], Train Loss: 763829.4623 | Validation Loss: 954082.6680
2025-04-23 11:27:51,995:INFO: Epoch [19/400], Train Loss: 747536.6572 | Validation Loss: 973826.2461
2025-04-23 11:28:06,075:INFO: Epoch [20/400], Train Loss: 735099.6687 | Validation Loss: 949786.4414
2025-04-23 11:28:07,115:INFO: Sample images at 20 saved at ./logs/pokemon2000-vae/sample_images/sample_images_epoch_20.png
2025-04-23 11:28:20,870:INFO: Epoch [21/400], Train Loss: 708075.8785 | Validation Loss: 959296.1719
2025-04-23 11:28:35,021:INFO: Epoch [22/400], Train Loss: 694993.4375 | Validation Loss: 983424.8203
2025-04-23 11:28:49,475:INFO: Epoch [23/400], Train Loss: 680223.0154 | Validation Loss: 975289.4492
2025-04-23 11:29:03,568:INFO: Epoch [24/400], Train Loss: 667218.4990 | Validation Loss: 979493.8203
2025-04-23 11:29:17,641:INFO: Epoch [25/400], Train Loss: 655020.4911 | Validation Loss: 979910.4062
2025-04-23 11:29:31,982:INFO: Epoch [26/400], Train Loss: 644083.4281 | Validation Loss: 988692.4414
2025-04-23 11:29:46,127:INFO: Epoch [27/400], Train Loss: 630970.2351 | Validation Loss: 992793.6328
2025-04-23 11:30:00,420:INFO: Epoch [28/400], Train Loss: 615842.5412 | Validation Loss: 982470.9219
2025-04-23 11:30:14,719:INFO: Epoch [29/400], Train Loss: 615688.0184 | Validation Loss: 1013445.1562
2025-04-23 11:30:29,046:INFO: Epoch [30/400], Train Loss: 598188.4544 | Validation Loss: 984205.0664
2025-04-23 11:30:43,327:INFO: Epoch [31/400], Train Loss: 587704.1825 | Validation Loss: 996793.7031
2025-04-23 11:30:57,696:INFO: Epoch [32/400], Train Loss: 576982.8914 | Validation Loss: 1006544.5547
2025-04-23 11:31:12,035:INFO: Epoch [33/400], Train Loss: 570772.4345 | Validation Loss: 1001824.6289
2025-04-23 11:31:26,116:INFO: Epoch [34/400], Train Loss: 556216.0327 | Validation Loss: 1013309.2578
2025-04-23 11:31:40,433:INFO: Epoch [35/400], Train Loss: 543030.5923 | Validation Loss: 1003535.9688
2025-04-23 11:31:54,785:INFO: Epoch [36/400], Train Loss: 539223.6205 | Validation Loss: 1001439.5312
2025-04-23 11:32:09,145:INFO: Epoch [37/400], Train Loss: 527213.9251 | Validation Loss: 1030796.8594
2025-04-23 11:32:23,436:INFO: Epoch [38/400], Train Loss: 520804.1364 | Validation Loss: 1032133.7031
2025-04-23 11:32:37,743:INFO: Epoch [39/400], Train Loss: 506885.6101 | Validation Loss: 1025863.0352
2025-04-23 11:32:51,914:INFO: Epoch [40/400], Train Loss: 499405.1525 | Validation Loss: 1036230.8828
2025-04-23 11:32:52,929:INFO: Sample images at 40 saved at ./logs/pokemon2000-vae/sample_images/sample_images_epoch_40.png
2025-04-23 11:33:06,755:INFO: Epoch [41/400], Train Loss: 489708.7351 | Validation Loss: 1035662.3125
2025-04-23 11:33:21,100:INFO: Epoch [42/400], Train Loss: 485487.8090 | Validation Loss: 1048675.1406
2025-04-23 11:33:35,474:INFO: Epoch [43/400], Train Loss: 482320.2927 | Validation Loss: 1041812.3555
2025-04-23 11:33:49,891:INFO: Epoch [44/400], Train Loss: 479045.5412 | Validation Loss: 1073184.6641
2025-04-23 11:34:04,216:INFO: Epoch [45/400], Train Loss: 466050.7505 | Validation Loss: 1053146.5898
2025-04-23 11:34:18,581:INFO: Epoch [46/400], Train Loss: 456310.8477 | Validation Loss: 1045065.2656
2025-04-23 11:34:32,772:INFO: Epoch [47/400], Train Loss: 450462.5298 | Validation Loss: 1044097.9141
2025-04-23 11:34:47,057:INFO: Epoch [48/400], Train Loss: 448017.1223 | Validation Loss: 1055926.3633
2025-04-23 11:35:01,397:INFO: Epoch [49/400], Train Loss: 442706.2793 | Validation Loss: 1062558.9805
2025-04-23 11:35:15,688:INFO: Epoch [50/400], Train Loss: 435524.2979 | Validation Loss: 1055894.3164
2025-04-23 11:35:29,980:INFO: Epoch [51/400], Train Loss: 435077.6188 | Validation Loss: 1069771.3438
2025-04-23 11:35:44,327:INFO: Epoch [52/400], Train Loss: 428254.9182 | Validation Loss: 1053316.5820
2025-04-23 11:35:58,650:INFO: Epoch [53/400], Train Loss: 417434.1146 | Validation Loss: 1086759.7969
2025-04-23 11:36:12,725:INFO: Epoch [54/400], Train Loss: 424071.4474 | Validation Loss: 1061422.9492
2025-04-23 11:36:26,807:INFO: Epoch [55/400], Train Loss: 410612.0784 | Validation Loss: 1070504.7812
2025-04-23 11:36:41,120:INFO: Epoch [56/400], Train Loss: 403307.5211 | Validation Loss: 1085005.5273
2025-04-23 11:36:55,535:INFO: Epoch [57/400], Train Loss: 400201.4591 | Validation Loss: 1067416.1797
2025-04-23 11:37:09,863:INFO: Epoch [58/400], Train Loss: 398889.2884 | Validation Loss: 1071102.0938
2025-04-23 11:37:24,250:INFO: Epoch [59/400], Train Loss: 391355.6178 | Validation Loss: 1083640.7734
2025-04-23 11:37:38,393:INFO: Epoch [60/400], Train Loss: 383048.8569 | Validation Loss: 1085108.0977
2025-04-23 11:37:39,400:INFO: Sample images at 60 saved at ./logs/pokemon2000-vae/sample_images/sample_images_epoch_60.png
2025-04-23 11:37:53,406:INFO: Epoch [61/400], Train Loss: 385204.1458 | Validation Loss: 1097196.8984
2025-04-23 11:38:07,722:INFO: Epoch [62/400], Train Loss: 372307.0399 | Validation Loss: 1074958.7070
2025-04-23 11:38:21,769:INFO: Epoch [63/400], Train Loss: 368040.2170 | Validation Loss: 1093394.5703
2025-04-23 11:38:36,133:INFO: Epoch [64/400], Train Loss: 371086.5687 | Validation Loss: 1076901.7617
2025-04-23 11:38:50,454:INFO: Epoch [65/400], Train Loss: 366391.3199 | Validation Loss: 1116297.7852
2025-04-23 11:39:04,716:INFO: Epoch [66/400], Train Loss: 364358.3867 | Validation Loss: 1085965.1680
2025-04-23 11:39:18,856:INFO: Epoch [67/400], Train Loss: 357178.0756 | Validation Loss: 1086026.2578
2025-04-23 11:39:32,970:INFO: Epoch [68/400], Train Loss: 353043.5327 | Validation Loss: 1102160.6641
2025-04-23 11:39:47,327:INFO: Epoch [69/400], Train Loss: 350328.9554 | Validation Loss: 1119418.9492
2025-04-23 11:40:01,469:INFO: Epoch [70/400], Train Loss: 347942.5037 | Validation Loss: 1077317.6680
2025-04-23 11:40:15,550:INFO: Epoch [71/400], Train Loss: 343076.1394 | Validation Loss: 1127340.4883
2025-04-23 11:40:29,941:INFO: Epoch [72/400], Train Loss: 345951.3958 | Validation Loss: 1110382.7461
2025-04-23 11:40:44,229:INFO: Epoch [73/400], Train Loss: 335497.0570 | Validation Loss: 1091738.2656
2025-04-23 11:40:58,374:INFO: Epoch [74/400], Train Loss: 329798.0960 | Validation Loss: 1088371.8516
2025-04-23 11:41:12,513:INFO: Epoch [75/400], Train Loss: 328458.9891 | Validation Loss: 1105309.0078
2025-04-23 11:41:26,656:INFO: Epoch [76/400], Train Loss: 324533.1741 | Validation Loss: 1100927.2734
2025-04-23 11:41:41,014:INFO: Epoch [77/400], Train Loss: 325289.0109 | Validation Loss: 1099188.7070
2025-04-23 11:41:55,568:INFO: Epoch [78/400], Train Loss: 315267.2173 | Validation Loss: 1110039.4336
2025-04-23 11:42:10,022:INFO: Epoch [79/400], Train Loss: 312156.4968 | Validation Loss: 1111152.9141
2025-04-23 11:42:24,287:INFO: Epoch [80/400], Train Loss: 312163.7121 | Validation Loss: 1112545.8438
2025-04-23 11:42:25,260:INFO: Sample images at 80 saved at ./logs/pokemon2000-vae/sample_images/sample_images_epoch_80.png
2025-04-23 11:42:39,497:INFO: Epoch [81/400], Train Loss: 309008.2165 | Validation Loss: 1112883.2383
2025-04-23 11:42:53,970:INFO: Epoch [82/400], Train Loss: 303720.6096 | Validation Loss: 1117170.4062
2025-04-23 11:43:08,457:INFO: Epoch [83/400], Train Loss: 299821.1843 | Validation Loss: 1121676.2539
2025-04-23 11:43:22,973:INFO: Epoch [84/400], Train Loss: 298438.0149 | Validation Loss: 1121680.3320
2025-04-23 11:43:37,117:INFO: Epoch [85/400], Train Loss: 293622.6228 | Validation Loss: 1119307.0430
2025-04-23 11:43:51,641:INFO: Epoch [86/400], Train Loss: 294716.4462 | Validation Loss: 1116563.9375
2025-04-23 11:44:05,863:INFO: Epoch [87/400], Train Loss: 290732.9940 | Validation Loss: 1128297.5430
2025-04-23 11:44:20,226:INFO: Epoch [88/400], Train Loss: 291393.7470 | Validation Loss: 1104303.7422
2025-04-23 11:44:34,330:INFO: Epoch [89/400], Train Loss: 285382.7106 | Validation Loss: 1120631.3828
2025-04-23 11:44:48,550:INFO: Epoch [90/400], Train Loss: 282001.5866 | Validation Loss: 1117109.1250
2025-04-23 11:45:03,047:INFO: Epoch [91/400], Train Loss: 278580.1012 | Validation Loss: 1142200.9141
2025-04-23 11:45:17,588:INFO: Epoch [92/400], Train Loss: 275275.8859 | Validation Loss: 1140150.4844
2025-04-23 11:45:32,062:INFO: Epoch [93/400], Train Loss: 273772.8710 | Validation Loss: 1137815.9219
2025-04-23 11:45:46,306:INFO: Epoch [94/400], Train Loss: 273583.0186 | Validation Loss: 1106090.3750
2025-04-23 11:46:00,825:INFO: Epoch [95/400], Train Loss: 275171.1818 | Validation Loss: 1134033.2500
2025-04-23 11:46:15,268:INFO: Epoch [96/400], Train Loss: 269887.7282 | Validation Loss: 1109691.3555
2025-04-23 11:46:29,757:INFO: Epoch [97/400], Train Loss: 267930.7919 | Validation Loss: 1116992.8242
2025-04-23 11:46:43,924:INFO: Epoch [98/400], Train Loss: 271503.1701 | Validation Loss: 1123966.6562
2025-04-23 11:46:58,115:INFO: Epoch [99/400], Train Loss: 266287.4251 | Validation Loss: 1120479.7383
2025-04-23 11:47:12,405:INFO: Epoch [100/400], Train Loss: 261140.2760 | Validation Loss: 1115446.0391
2025-04-23 11:47:13,387:INFO: Sample images at 100 saved at ./logs/pokemon2000-vae/sample_images/sample_images_epoch_100.png
2025-04-23 11:47:27,667:INFO: Epoch [101/400], Train Loss: 256130.5672 | Validation Loss: 1142504.7812
2025-04-23 11:47:42,147:INFO: Epoch [102/400], Train Loss: 254167.9623 | Validation Loss: 1127162.7773
2025-04-23 11:47:56,350:INFO: Epoch [103/400], Train Loss: 261193.5513 | Validation Loss: 1116928.5000
2025-04-23 11:48:10,929:INFO: Epoch [104/400], Train Loss: 251294.8854 | Validation Loss: 1134222.5938
2025-04-23 11:48:25,071:INFO: Epoch [105/400], Train Loss: 250320.2044 | Validation Loss: 1138027.3203
2025-04-23 11:48:39,541:INFO: Epoch [106/400], Train Loss: 247487.9478 | Validation Loss: 1140787.4375
2025-04-23 11:48:53,789:INFO: Epoch [107/400], Train Loss: 244435.7039 | Validation Loss: 1136570.2812
2025-04-23 11:49:08,260:INFO: Epoch [108/400], Train Loss: 248647.6066 | Validation Loss: 1106132.2578
2025-04-23 11:49:22,716:INFO: Epoch [109/400], Train Loss: 243234.2609 | Validation Loss: 1135952.9492
2025-04-23 11:49:37,102:INFO: Epoch [110/400], Train Loss: 241938.3971 | Validation Loss: 1126564.3164
2025-04-23 11:49:51,505:INFO: Epoch [111/400], Train Loss: 242601.2287 | Validation Loss: 1144356.0703
2025-04-23 11:50:05,905:INFO: Epoch [112/400], Train Loss: 238487.2443 | Validation Loss: 1145872.0508
2025-04-23 11:50:20,368:INFO: Epoch [113/400], Train Loss: 231454.8785 | Validation Loss: 1144012.6992
2025-04-23 11:50:34,474:INFO: Epoch [114/400], Train Loss: 233219.1466 | Validation Loss: 1139386.3438
2025-04-23 11:50:48,747:INFO: Epoch [115/400], Train Loss: 228078.0156 | Validation Loss: 1151631.1641
2025-04-23 11:51:02,993:INFO: Epoch [116/400], Train Loss: 229152.3358 | Validation Loss: 1135043.1758
2025-04-23 11:51:17,396:INFO: Epoch [117/400], Train Loss: 231488.4407 | Validation Loss: 1117269.3125
2025-04-23 11:51:31,546:INFO: Epoch [118/400], Train Loss: 226739.1218 | Validation Loss: 1113099.9688
2025-04-23 11:51:46,098:INFO: Epoch [119/400], Train Loss: 224984.6848 | Validation Loss: 1129733.5664
2025-04-23 11:52:00,379:INFO: Epoch [120/400], Train Loss: 222708.8147 | Validation Loss: 1145756.4531
2025-04-23 11:52:01,358:INFO: Sample images at 120 saved at ./logs/pokemon2000-vae/sample_images/sample_images_epoch_120.png
2025-04-23 11:52:15,563:INFO: Epoch [121/400], Train Loss: 218478.5895 | Validation Loss: 1135863.4219
2025-04-23 11:52:30,107:INFO: Epoch [122/400], Train Loss: 216940.9740 | Validation Loss: 1160838.0977
2025-04-23 11:52:44,545:INFO: Epoch [123/400], Train Loss: 216966.4187 | Validation Loss: 1126486.1250
2025-04-23 11:52:58,818:INFO: Epoch [124/400], Train Loss: 219418.6441 | Validation Loss: 1138360.3516
2025-04-23 11:53:13,146:INFO: Epoch [125/400], Train Loss: 218957.2123 | Validation Loss: 1118748.4961
2025-04-23 11:53:27,476:INFO: Epoch [126/400], Train Loss: 217505.9492 | Validation Loss: 1145434.0664
2025-04-23 11:53:41,609:INFO: Epoch [127/400], Train Loss: 218135.7294 | Validation Loss: 1159506.6953
2025-04-23 11:53:55,966:INFO: Epoch [128/400], Train Loss: 212210.8080 | Validation Loss: 1123513.8984
2025-04-23 11:54:10,223:INFO: Epoch [129/400], Train Loss: 212310.0577 | Validation Loss: 1125085.8867
2025-04-23 11:54:24,581:INFO: Epoch [130/400], Train Loss: 207461.7639 | Validation Loss: 1122587.6367
2025-04-23 11:54:38,668:INFO: Epoch [131/400], Train Loss: 208251.1807 | Validation Loss: 1121089.1719
2025-04-23 11:54:53,157:INFO: Epoch [132/400], Train Loss: 204456.7112 | Validation Loss: 1131388.3164
2025-04-23 11:55:07,409:INFO: Epoch [133/400], Train Loss: 203845.5360 | Validation Loss: 1123354.0625
2025-04-23 11:55:21,880:INFO: Epoch [134/400], Train Loss: 203539.1776 | Validation Loss: 1138726.0469
2025-04-23 11:55:36,327:INFO: Epoch [135/400], Train Loss: 201044.3152 | Validation Loss: 1127260.6016
2025-04-23 11:55:50,835:INFO: Epoch [136/400], Train Loss: 201204.2396 | Validation Loss: 1121182.9062
2025-04-23 11:56:05,303:INFO: Epoch [137/400], Train Loss: 202195.7206 | Validation Loss: 1127138.4180
2025-04-23 11:56:19,537:INFO: Epoch [138/400], Train Loss: 199654.2272 | Validation Loss: 1137548.1250
2025-04-23 11:56:33,924:INFO: Epoch [139/400], Train Loss: 199670.6291 | Validation Loss: 1120442.2578
2025-04-23 11:56:48,215:INFO: Epoch [140/400], Train Loss: 197234.9838 | Validation Loss: 1139813.2305
2025-04-23 11:56:49,159:INFO: Sample images at 140 saved at ./logs/pokemon2000-vae/sample_images/sample_images_epoch_140.png
2025-04-23 11:57:03,426:INFO: Epoch [141/400], Train Loss: 196685.5570 | Validation Loss: 1124753.2070
2025-04-23 11:57:17,983:INFO: Epoch [142/400], Train Loss: 198763.3777 | Validation Loss: 1133904.5078
2025-04-23 11:57:32,584:INFO: Epoch [143/400], Train Loss: 194507.2250 | Validation Loss: 1136104.8477
2025-04-23 11:57:47,101:INFO: Epoch [144/400], Train Loss: 190262.9520 | Validation Loss: 1127591.7109
2025-04-23 11:58:01,633:INFO: Epoch [145/400], Train Loss: 190233.9323 | Validation Loss: 1131814.5898
2025-04-23 11:58:16,111:INFO: Epoch [146/400], Train Loss: 185950.5925 | Validation Loss: 1134132.7930
2025-04-23 11:58:30,410:INFO: Epoch [147/400], Train Loss: 184920.2857 | Validation Loss: 1124843.2188
2025-04-23 11:58:44,851:INFO: Epoch [148/400], Train Loss: 185415.5914 | Validation Loss: 1117281.5508
2025-04-23 11:58:59,341:INFO: Epoch [149/400], Train Loss: 185125.6478 | Validation Loss: 1138417.1914
2025-04-23 11:59:13,472:INFO: Epoch [150/400], Train Loss: 186647.4019 | Validation Loss: 1112758.2461
2025-04-23 11:59:27,696:INFO: Epoch [151/400], Train Loss: 185847.2595 | Validation Loss: 1139795.2461
2025-04-23 11:59:42,166:INFO: Epoch [152/400], Train Loss: 183805.2887 | Validation Loss: 1112573.5703
2025-04-23 11:59:56,470:INFO: Epoch [153/400], Train Loss: 181283.4670 | Validation Loss: 1131569.4258
2025-04-23 12:00:10,923:INFO: Epoch [154/400], Train Loss: 183277.5024 | Validation Loss: 1122532.0273
2025-04-23 12:00:25,103:INFO: Epoch [155/400], Train Loss: 180121.0797 | Validation Loss: 1111281.9180
2025-04-23 12:00:39,302:INFO: Epoch [156/400], Train Loss: 178628.1804 | Validation Loss: 1142441.4531
2025-04-23 12:00:53,700:INFO: Epoch [157/400], Train Loss: 176388.2129 | Validation Loss: 1113996.0352
2025-04-23 12:01:07,883:INFO: Epoch [158/400], Train Loss: 177382.8208 | Validation Loss: 1113676.0781
2025-04-23 12:01:22,082:INFO: Epoch [159/400], Train Loss: 176798.3798 | Validation Loss: 1125534.0938
2025-04-23 12:01:36,288:INFO: Epoch [160/400], Train Loss: 178142.0982 | Validation Loss: 1134174.2344
2025-04-23 12:01:37,293:INFO: Sample images at 160 saved at ./logs/pokemon2000-vae/sample_images/sample_images_epoch_160.png
2025-04-23 12:01:51,202:INFO: Epoch [161/400], Train Loss: 177859.0925 | Validation Loss: 1113676.6953
2025-04-23 12:02:05,730:INFO: Epoch [162/400], Train Loss: 174373.5176 | Validation Loss: 1111859.9414
2025-04-23 12:02:20,274:INFO: Epoch [163/400], Train Loss: 175101.0859 | Validation Loss: 1120475.4375
2025-04-23 12:02:34,760:INFO: Epoch [164/400], Train Loss: 176983.3903 | Validation Loss: 1130227.5430
2025-04-23 12:02:49,259:INFO: Epoch [165/400], Train Loss: 176147.3286 | Validation Loss: 1123168.7891
2025-04-23 12:03:03,708:INFO: Epoch [166/400], Train Loss: 175124.3466 | Validation Loss: 1115617.0898
2025-04-23 12:03:17,944:INFO: Epoch [167/400], Train Loss: 171318.6933 | Validation Loss: 1125485.0195
2025-04-23 12:03:32,386:INFO: Epoch [168/400], Train Loss: 168306.4644 | Validation Loss: 1112868.0781
2025-04-23 12:03:46,902:INFO: Epoch [169/400], Train Loss: 168450.8152 | Validation Loss: 1117996.2812
2025-04-23 12:04:01,370:INFO: Epoch [170/400], Train Loss: 173407.9943 | Validation Loss: 1120407.3906
2025-04-23 12:04:15,910:INFO: Epoch [171/400], Train Loss: 170501.1376 | Validation Loss: 1124519.1641
2025-04-23 12:04:30,367:INFO: Epoch [172/400], Train Loss: 165221.9784 | Validation Loss: 1115114.6602
2025-04-23 12:04:44,570:INFO: Epoch [173/400], Train Loss: 165697.3894 | Validation Loss: 1113044.6094
2025-04-23 12:04:58,699:INFO: Epoch [174/400], Train Loss: 165855.9504 | Validation Loss: 1130183.8672
2025-04-23 12:05:12,922:INFO: Epoch [175/400], Train Loss: 163363.8589 | Validation Loss: 1105987.6484
2025-04-23 12:05:27,469:INFO: Epoch [176/400], Train Loss: 164121.7639 | Validation Loss: 1132334.9688
2025-04-23 12:05:41,927:INFO: Epoch [177/400], Train Loss: 168083.7980 | Validation Loss: 1117852.5625
2025-04-23 12:05:56,424:INFO: Epoch [178/400], Train Loss: 163477.9721 | Validation Loss: 1112805.0508
2025-04-23 12:06:10,824:INFO: Epoch [179/400], Train Loss: 161996.2732 | Validation Loss: 1120028.6836
2025-04-23 12:06:25,079:INFO: Epoch [180/400], Train Loss: 164547.9219 | Validation Loss: 1091571.8984
2025-04-23 12:06:26,105:INFO: Sample images at 180 saved at ./logs/pokemon2000-vae/sample_images/sample_images_epoch_180.png
2025-04-23 12:06:40,021:INFO: Epoch [181/400], Train Loss: 162386.7896 | Validation Loss: 1127705.7695
2025-04-23 12:06:54,142:INFO: Epoch [182/400], Train Loss: 159760.6618 | Validation Loss: 1112058.9219
2025-04-23 12:07:08,564:INFO: Epoch [183/400], Train Loss: 161451.1827 | Validation Loss: 1126700.8242
2025-04-23 12:07:23,061:INFO: Epoch [184/400], Train Loss: 162802.3891 | Validation Loss: 1116836.6641
2025-04-23 12:07:37,250:INFO: Epoch [185/400], Train Loss: 162289.9189 | Validation Loss: 1111559.0469
2025-04-23 12:07:51,740:INFO: Epoch [186/400], Train Loss: 158403.4940 | Validation Loss: 1104717.4258
2025-04-23 12:08:06,156:INFO: Epoch [187/400], Train Loss: 159094.9887 | Validation Loss: 1128934.8555
2025-04-23 12:08:20,514:INFO: Epoch [188/400], Train Loss: 158627.3098 | Validation Loss: 1105283.0938
2025-04-23 12:08:34,792:INFO: Epoch [189/400], Train Loss: 159229.9885 | Validation Loss: 1116536.9219
2025-04-23 12:08:48,932:INFO: Epoch [190/400], Train Loss: 159244.2990 | Validation Loss: 1117823.7188
2025-04-23 12:09:03,058:INFO: Epoch [191/400], Train Loss: 160330.2227 | Validation Loss: 1095935.0898
2025-04-23 12:09:17,551:INFO: Epoch [192/400], Train Loss: 158923.8239 | Validation Loss: 1109317.8672
2025-04-23 12:09:31,795:INFO: Epoch [193/400], Train Loss: 158420.9242 | Validation Loss: 1105666.4141
2025-04-23 12:09:46,316:INFO: Epoch [194/400], Train Loss: 154176.9613 | Validation Loss: 1092241.5781
2025-04-23 12:10:00,766:INFO: Epoch [195/400], Train Loss: 157696.1474 | Validation Loss: 1084923.3984
2025-04-23 12:10:15,265:INFO: Epoch [196/400], Train Loss: 153186.6579 | Validation Loss: 1115464.4258
2025-04-23 12:10:29,793:INFO: Epoch [197/400], Train Loss: 155537.6943 | Validation Loss: 1104656.9258
2025-04-23 12:10:44,258:INFO: Epoch [198/400], Train Loss: 153929.7475 | Validation Loss: 1090555.4883
2025-04-23 12:10:58,717:INFO: Epoch [199/400], Train Loss: 152949.5195 | Validation Loss: 1095806.9688
2025-04-23 12:11:12,931:INFO: Epoch [200/400], Train Loss: 153289.6317 | Validation Loss: 1097957.2773
2025-04-23 12:11:13,986:INFO: Sample images at 200 saved at ./logs/pokemon2000-vae/sample_images/sample_images_epoch_200.png
2025-04-23 12:11:27,744:INFO: Epoch [201/400], Train Loss: 152109.0191 | Validation Loss: 1108058.6133
2025-04-23 12:11:42,225:INFO: Epoch [202/400], Train Loss: 151099.3593 | Validation Loss: 1109406.9297
2025-04-23 12:11:56,692:INFO: Epoch [203/400], Train Loss: 150315.6018 | Validation Loss: 1099895.7344
2025-04-23 12:12:11,140:INFO: Epoch [204/400], Train Loss: 150374.9293 | Validation Loss: 1106026.5859
2025-04-23 12:12:25,662:INFO: Epoch [205/400], Train Loss: 150399.4671 | Validation Loss: 1105318.3672
2025-04-23 12:12:40,069:INFO: Epoch [206/400], Train Loss: 151821.3442 | Validation Loss: 1101595.4180
2025-04-23 12:12:54,565:INFO: Epoch [207/400], Train Loss: 151532.0826 | Validation Loss: 1092790.5156
2025-04-23 12:13:09,062:INFO: Epoch [208/400], Train Loss: 149126.6038 | Validation Loss: 1101619.3711
2025-04-23 12:13:23,496:INFO: Epoch [209/400], Train Loss: 149884.2419 | Validation Loss: 1088453.0586
2025-04-23 12:13:37,949:INFO: Epoch [210/400], Train Loss: 152513.7352 | Validation Loss: 1091829.4023
2025-04-23 12:13:52,431:INFO: Epoch [211/400], Train Loss: 149017.1937 | Validation Loss: 1105285.7578
2025-04-23 12:14:06,919:INFO: Epoch [212/400], Train Loss: 148253.5358 | Validation Loss: 1099114.1797
2025-04-23 12:14:21,159:INFO: Epoch [213/400], Train Loss: 148298.6792 | Validation Loss: 1094728.7109
2025-04-23 12:14:35,592:INFO: Epoch [214/400], Train Loss: 148331.9275 | Validation Loss: 1081592.3672
2025-04-23 12:14:50,038:INFO: Epoch [215/400], Train Loss: 149040.6983 | Validation Loss: 1092533.2383
2025-04-23 12:15:04,272:INFO: Epoch [216/400], Train Loss: 150571.4439 | Validation Loss: 1104319.0000
2025-04-23 12:15:18,805:INFO: Epoch [217/400], Train Loss: 149654.3198 | Validation Loss: 1088279.9961
2025-04-23 12:15:33,266:INFO: Epoch [218/400], Train Loss: 146904.1571 | Validation Loss: 1091889.1797
2025-04-23 12:15:47,750:INFO: Epoch [219/400], Train Loss: 147211.4975 | Validation Loss: 1101280.0469
2025-04-23 12:16:02,007:INFO: Epoch [220/400], Train Loss: 148705.4907 | Validation Loss: 1076317.3047
2025-04-23 12:16:02,997:INFO: Sample images at 220 saved at ./logs/pokemon2000-vae/sample_images/sample_images_epoch_220.png
2025-04-23 12:16:17,188:INFO: Epoch [221/400], Train Loss: 148507.4427 | Validation Loss: 1089412.1133
2025-04-23 12:16:31,653:INFO: Epoch [222/400], Train Loss: 147837.0249 | Validation Loss: 1083432.3711
2025-04-23 12:16:46,087:INFO: Epoch [223/400], Train Loss: 145352.9681 | Validation Loss: 1086231.9688
2025-04-23 12:17:00,594:INFO: Epoch [224/400], Train Loss: 143196.2624 | Validation Loss: 1099122.8516
2025-04-23 12:17:14,975:INFO: Epoch [225/400], Train Loss: 144871.0437 | Validation Loss: 1113219.4258
2025-04-23 12:17:29,201:INFO: Epoch [226/400], Train Loss: 145796.6508 | Validation Loss: 1098808.9023
2025-04-23 12:17:43,632:INFO: Epoch [227/400], Train Loss: 144001.1451 | Validation Loss: 1097996.7969
2025-04-23 12:17:58,031:INFO: Epoch [228/400], Train Loss: 144515.0569 | Validation Loss: 1095940.1836
2025-04-23 12:18:12,419:INFO: Epoch [229/400], Train Loss: 144771.9320 | Validation Loss: 1089051.3203
2025-04-23 12:18:26,566:INFO: Epoch [230/400], Train Loss: 144213.0353 | Validation Loss: 1095442.7539
2025-04-23 12:18:40,765:INFO: Epoch [231/400], Train Loss: 143950.1138 | Validation Loss: 1094416.9922
2025-04-23 12:18:54,890:INFO: Epoch [232/400], Train Loss: 142923.2499 | Validation Loss: 1088641.6094
2025-04-23 12:19:09,178:INFO: Epoch [233/400], Train Loss: 142876.7312 | Validation Loss: 1109663.7383
2025-04-23 12:19:23,257:INFO: Epoch [234/400], Train Loss: 143366.4479 | Validation Loss: 1080327.1406
2025-04-23 12:19:37,531:INFO: Epoch [235/400], Train Loss: 145614.6169 | Validation Loss: 1076130.2773
2025-04-23 12:19:51,718:INFO: Epoch [236/400], Train Loss: 144650.3942 | Validation Loss: 1087441.6484
2025-04-23 12:20:05,807:INFO: Epoch [237/400], Train Loss: 142538.0057 | Validation Loss: 1079947.7656
2025-04-23 12:20:20,150:INFO: Epoch [238/400], Train Loss: 139924.0208 | Validation Loss: 1094539.4023
2025-04-23 12:20:34,640:INFO: Epoch [239/400], Train Loss: 140819.2223 | Validation Loss: 1076948.4492
2025-04-23 12:20:48,768:INFO: Epoch [240/400], Train Loss: 142369.2189 | Validation Loss: 1078759.4766
2025-04-23 12:20:49,747:INFO: Sample images at 240 saved at ./logs/pokemon2000-vae/sample_images/sample_images_epoch_240.png
2025-04-23 12:21:03,927:INFO: Epoch [241/400], Train Loss: 142739.5264 | Validation Loss: 1083818.9531
2025-04-23 12:21:18,266:INFO: Epoch [242/400], Train Loss: 141093.5616 | Validation Loss: 1081673.8984
2025-04-23 12:21:32,646:INFO: Epoch [243/400], Train Loss: 141761.3404 | Validation Loss: 1107168.0703
2025-04-23 12:21:46,787:INFO: Epoch [244/400], Train Loss: 140107.9816 | Validation Loss: 1086764.0508
2025-04-23 12:22:00,924:INFO: Epoch [245/400], Train Loss: 140418.3239 | Validation Loss: 1070877.4297
2025-04-23 12:22:15,112:INFO: Epoch [246/400], Train Loss: 139846.7252 | Validation Loss: 1095961.0000
2025-04-23 12:22:29,432:INFO: Epoch [247/400], Train Loss: 138529.9180 | Validation Loss: 1082350.9609
2025-04-23 12:22:43,782:INFO: Epoch [248/400], Train Loss: 141615.7949 | Validation Loss: 1085420.7422
2025-04-23 12:22:57,804:INFO: Epoch [249/400], Train Loss: 137554.8929 | Validation Loss: 1093628.8555
2025-04-23 12:23:12,176:INFO: Epoch [250/400], Train Loss: 139461.1189 | Validation Loss: 1081790.8672
2025-04-23 12:23:26,320:INFO: Epoch [251/400], Train Loss: 138420.7577 | Validation Loss: 1083017.0273
2025-04-23 12:23:40,695:INFO: Epoch [252/400], Train Loss: 138213.0169 | Validation Loss: 1067895.5469
2025-04-23 12:23:54,856:INFO: Epoch [253/400], Train Loss: 139402.4002 | Validation Loss: 1085257.8555
2025-04-23 12:24:09,157:INFO: Epoch [254/400], Train Loss: 138145.8777 | Validation Loss: 1099407.8281
2025-04-23 12:24:23,544:INFO: Epoch [255/400], Train Loss: 138473.2617 | Validation Loss: 1101889.7070
2025-04-23 12:24:37,605:INFO: Epoch [256/400], Train Loss: 138493.6727 | Validation Loss: 1080677.1094
2025-04-23 12:24:51,683:INFO: Epoch [257/400], Train Loss: 137200.3886 | Validation Loss: 1075175.5078
2025-04-23 12:25:06,024:INFO: Epoch [258/400], Train Loss: 137799.5226 | Validation Loss: 1075120.2773
2025-04-23 12:25:20,348:INFO: Epoch [259/400], Train Loss: 138866.5920 | Validation Loss: 1073480.7500
2025-04-23 12:25:34,515:INFO: Epoch [260/400], Train Loss: 136896.6771 | Validation Loss: 1082596.1602
2025-04-23 12:25:35,549:INFO: Sample images at 260 saved at ./logs/pokemon2000-vae/sample_images/sample_images_epoch_260.png
2025-04-23 12:25:49,351:INFO: Epoch [261/400], Train Loss: 136890.8605 | Validation Loss: 1082892.8320
2025-04-23 12:26:03,456:INFO: Epoch [262/400], Train Loss: 134473.4722 | Validation Loss: 1096656.6328
2025-04-23 12:26:17,619:INFO: Epoch [263/400], Train Loss: 136413.7793 | Validation Loss: 1091327.2383
2025-04-23 12:26:31,988:INFO: Epoch [264/400], Train Loss: 136758.1690 | Validation Loss: 1081486.4141
2025-04-23 12:26:46,170:INFO: Epoch [265/400], Train Loss: 135039.1917 | Validation Loss: 1098497.8203
2025-04-23 12:27:00,286:INFO: Epoch [266/400], Train Loss: 135465.4027 | Validation Loss: 1087210.2578
2025-04-23 12:27:14,624:INFO: Epoch [267/400], Train Loss: 135308.4376 | Validation Loss: 1084945.0352
2025-04-23 12:27:29,047:INFO: Epoch [268/400], Train Loss: 135412.8720 | Validation Loss: 1089331.2852
2025-04-23 12:27:43,416:INFO: Epoch [269/400], Train Loss: 134523.7284 | Validation Loss: 1091614.3516
2025-04-23 12:27:57,788:INFO: Epoch [270/400], Train Loss: 134564.1190 | Validation Loss: 1092783.7969
2025-04-23 12:28:12,169:INFO: Epoch [271/400], Train Loss: 133206.2718 | Validation Loss: 1095227.0586
2025-04-23 12:28:26,511:INFO: Epoch [272/400], Train Loss: 136309.1359 | Validation Loss: 1084269.1445
2025-04-23 12:28:40,685:INFO: Epoch [273/400], Train Loss: 134578.5626 | Validation Loss: 1082086.4180
2025-04-23 12:28:55,035:INFO: Epoch [274/400], Train Loss: 135202.3218 | Validation Loss: 1077794.2656
2025-04-23 12:29:09,352:INFO: Epoch [275/400], Train Loss: 133332.3031 | Validation Loss: 1076257.9609
2025-04-23 12:29:23,471:INFO: Epoch [276/400], Train Loss: 133297.4819 | Validation Loss: 1075897.2227
2025-04-23 12:29:37,868:INFO: Epoch [277/400], Train Loss: 133127.6890 | Validation Loss: 1084789.5000
2025-04-23 12:29:52,213:INFO: Epoch [278/400], Train Loss: 132331.9603 | Validation Loss: 1081856.4258
2025-04-23 12:30:06,515:INFO: Epoch [279/400], Train Loss: 132937.0361 | Validation Loss: 1093191.8281
2025-04-23 12:30:20,871:INFO: Epoch [280/400], Train Loss: 132762.0797 | Validation Loss: 1086629.0508
2025-04-23 12:30:21,929:INFO: Sample images at 280 saved at ./logs/pokemon2000-vae/sample_images/sample_images_epoch_280.png
2025-04-23 12:30:35,903:INFO: Epoch [281/400], Train Loss: 133253.7400 | Validation Loss: 1082482.7891
2025-04-23 12:30:50,307:INFO: Epoch [282/400], Train Loss: 132310.4283 | Validation Loss: 1074137.0117
2025-04-23 12:31:04,645:INFO: Epoch [283/400], Train Loss: 132708.0823 | Validation Loss: 1080453.9492
2025-04-23 12:31:19,004:INFO: Epoch [284/400], Train Loss: 132373.1839 | Validation Loss: 1077334.8633
2025-04-23 12:31:33,346:INFO: Epoch [285/400], Train Loss: 132980.3451 | Validation Loss: 1072667.1562
2025-04-23 12:31:47,555:INFO: Epoch [286/400], Train Loss: 131627.5945 | Validation Loss: 1082664.0508
2025-04-23 12:32:01,910:INFO: Epoch [287/400], Train Loss: 131907.5203 | Validation Loss: 1075379.5977
2025-04-23 12:32:16,280:INFO: Epoch [288/400], Train Loss: 130704.1967 | Validation Loss: 1085722.7344
2025-04-23 12:32:30,602:INFO: Epoch [289/400], Train Loss: 130264.3170 | Validation Loss: 1088911.5938
2025-04-23 12:32:44,927:INFO: Epoch [290/400], Train Loss: 131995.8563 | Validation Loss: 1077010.9609
2025-04-23 12:32:59,314:INFO: Epoch [291/400], Train Loss: 130582.6157 | Validation Loss: 1084174.9922
2025-04-23 12:33:13,588:INFO: Epoch [292/400], Train Loss: 130717.7345 | Validation Loss: 1088152.4258
2025-04-23 12:33:27,726:INFO: Epoch [293/400], Train Loss: 131383.1353 | Validation Loss: 1079978.6523
2025-04-23 12:33:42,077:INFO: Epoch [294/400], Train Loss: 130848.0857 | Validation Loss: 1079853.3711
2025-04-23 12:33:56,379:INFO: Epoch [295/400], Train Loss: 131594.1068 | Validation Loss: 1084241.1172
2025-04-23 12:34:10,734:INFO: Epoch [296/400], Train Loss: 131655.9984 | Validation Loss: 1088229.5859
2025-04-23 12:34:25,140:INFO: Epoch [297/400], Train Loss: 131019.3419 | Validation Loss: 1088020.9922
2025-04-23 12:34:39,508:INFO: Epoch [298/400], Train Loss: 129784.7587 | Validation Loss: 1086543.3516
2025-04-23 12:34:53,751:INFO: Epoch [299/400], Train Loss: 129732.3005 | Validation Loss: 1081919.4219
2025-04-23 12:35:08,126:INFO: Epoch [300/400], Train Loss: 130851.4540 | Validation Loss: 1086041.2930
2025-04-23 12:35:09,115:INFO: Sample images at 300 saved at ./logs/pokemon2000-vae/sample_images/sample_images_epoch_300.png
2025-04-23 12:35:23,296:INFO: Epoch [301/400], Train Loss: 128588.6644 | Validation Loss: 1081271.7617
2025-04-23 12:35:37,667:INFO: Epoch [302/400], Train Loss: 130152.7635 | Validation Loss: 1087057.6445
2025-04-23 12:35:51,806:INFO: Epoch [303/400], Train Loss: 130198.9940 | Validation Loss: 1081951.1289
2025-04-23 12:36:06,304:INFO: Epoch [304/400], Train Loss: 130137.8495 | Validation Loss: 1080373.9922
2025-04-23 12:36:20,684:INFO: Epoch [305/400], Train Loss: 128903.5134 | Validation Loss: 1085419.6836
2025-04-23 12:36:34,795:INFO: Epoch [306/400], Train Loss: 128943.4991 | Validation Loss: 1096930.6055
2025-04-23 12:36:48,926:INFO: Epoch [307/400], Train Loss: 129273.0935 | Validation Loss: 1086645.1914
2025-04-23 12:37:03,336:INFO: Epoch [308/400], Train Loss: 129075.8708 | Validation Loss: 1091030.7656
2025-04-23 12:37:17,683:INFO: Epoch [309/400], Train Loss: 128234.6644 | Validation Loss: 1081614.4492
2025-04-23 12:37:32,043:INFO: Epoch [310/400], Train Loss: 128580.5887 | Validation Loss: 1083993.0625
2025-04-23 12:37:46,353:INFO: Epoch [311/400], Train Loss: 127893.9699 | Validation Loss: 1093422.6367
2025-04-23 12:38:00,771:INFO: Epoch [312/400], Train Loss: 128675.6804 | Validation Loss: 1083997.6914
2025-04-23 12:38:14,940:INFO: Epoch [313/400], Train Loss: 127279.0506 | Validation Loss: 1091748.0312
2025-04-23 12:38:29,224:INFO: Epoch [314/400], Train Loss: 127628.7934 | Validation Loss: 1080431.5664
2025-04-23 12:38:43,526:INFO: Epoch [315/400], Train Loss: 127610.3449 | Validation Loss: 1093399.3008
2025-04-23 12:38:57,885:INFO: Epoch [316/400], Train Loss: 126472.2378 | Validation Loss: 1087254.6953
2025-04-23 12:39:12,199:INFO: Epoch [317/400], Train Loss: 127720.3540 | Validation Loss: 1087541.7617
2025-04-23 12:39:26,560:INFO: Epoch [318/400], Train Loss: 126625.4204 | Validation Loss: 1088410.4375
2025-04-23 12:39:40,723:INFO: Epoch [319/400], Train Loss: 126629.7054 | Validation Loss: 1085529.5117
2025-04-23 12:39:55,115:INFO: Epoch [320/400], Train Loss: 126602.3495 | Validation Loss: 1086402.1602
2025-04-23 12:39:56,136:INFO: Sample images at 320 saved at ./logs/pokemon2000-vae/sample_images/sample_images_epoch_320.png
2025-04-23 12:40:09,943:INFO: Epoch [321/400], Train Loss: 125710.6223 | Validation Loss: 1085458.5039
2025-04-23 12:40:24,351:INFO: Epoch [322/400], Train Loss: 126270.9776 | Validation Loss: 1085331.8320
2025-04-23 12:40:38,695:INFO: Epoch [323/400], Train Loss: 125670.1610 | Validation Loss: 1086185.0703
2025-04-23 12:40:53,023:INFO: Epoch [324/400], Train Loss: 126679.1388 | Validation Loss: 1086466.4805
2025-04-23 12:41:07,146:INFO: Epoch [325/400], Train Loss: 125972.0660 | Validation Loss: 1089313.6055
2025-04-23 12:41:21,217:INFO: Epoch [326/400], Train Loss: 125446.6549 | Validation Loss: 1085782.4414
2025-04-23 12:41:35,430:INFO: Epoch [327/400], Train Loss: 126357.5837 | Validation Loss: 1085660.4609
2025-04-23 12:41:49,473:INFO: Epoch [328/400], Train Loss: 125298.0325 | Validation Loss: 1079464.1445
2025-04-23 12:42:03,694:INFO: Epoch [329/400], Train Loss: 126262.4554 | Validation Loss: 1089001.2344
2025-04-23 12:42:17,968:INFO: Epoch [330/400], Train Loss: 126448.6877 | Validation Loss: 1082693.3281
2025-04-23 12:42:32,343:INFO: Epoch [331/400], Train Loss: 125052.2414 | Validation Loss: 1090466.9609
2025-04-23 12:42:46,498:INFO: Epoch [332/400], Train Loss: 125307.8317 | Validation Loss: 1087230.7422
2025-04-23 12:43:00,682:INFO: Epoch [333/400], Train Loss: 124528.2667 | Validation Loss: 1083566.5352
2025-04-23 12:43:15,081:INFO: Epoch [334/400], Train Loss: 125438.7015 | Validation Loss: 1084359.9648
2025-04-23 12:43:29,410:INFO: Epoch [335/400], Train Loss: 124360.0980 | Validation Loss: 1078911.4844
2025-04-23 12:43:43,804:INFO: Epoch [336/400], Train Loss: 124790.3120 | Validation Loss: 1084906.6055
2025-04-23 12:43:57,976:INFO: Epoch [337/400], Train Loss: 124534.6518 | Validation Loss: 1088768.7578
2025-04-23 12:44:12,102:INFO: Epoch [338/400], Train Loss: 124639.6008 | Validation Loss: 1084997.0625
2025-04-23 12:44:26,282:INFO: Epoch [339/400], Train Loss: 124944.2078 | Validation Loss: 1086164.3359
2025-04-23 12:44:40,719:INFO: Epoch [340/400], Train Loss: 123471.4323 | Validation Loss: 1082542.8906
2025-04-23 12:44:41,752:INFO: Sample images at 340 saved at ./logs/pokemon2000-vae/sample_images/sample_images_epoch_340.png
2025-04-23 12:44:55,670:INFO: Epoch [341/400], Train Loss: 124369.5929 | Validation Loss: 1086692.6328
2025-04-23 12:45:10,090:INFO: Epoch [342/400], Train Loss: 123385.1073 | Validation Loss: 1085791.7773
2025-04-23 12:45:24,470:INFO: Epoch [343/400], Train Loss: 124423.6711 | Validation Loss: 1084124.3516
2025-04-23 12:45:38,762:INFO: Epoch [344/400], Train Loss: 123600.7326 | Validation Loss: 1086956.0547
2025-04-23 12:45:52,816:INFO: Epoch [345/400], Train Loss: 123684.8287 | Validation Loss: 1091678.2266
2025-04-23 12:46:07,008:INFO: Epoch [346/400], Train Loss: 123885.4467 | Validation Loss: 1086056.2734
2025-04-23 12:46:21,253:INFO: Epoch [347/400], Train Loss: 123274.5621 | Validation Loss: 1084193.1836
2025-04-23 12:46:35,412:INFO: Epoch [348/400], Train Loss: 123688.2839 | Validation Loss: 1081389.6992
2025-04-23 12:46:49,900:INFO: Epoch [349/400], Train Loss: 124710.6866 | Validation Loss: 1086966.4258
2025-04-23 12:47:04,290:INFO: Epoch [350/400], Train Loss: 125023.1097 | Validation Loss: 1083323.7578
2025-04-23 12:47:18,772:INFO: Epoch [351/400], Train Loss: 123362.7527 | Validation Loss: 1086502.6367
2025-04-23 12:47:33,205:INFO: Epoch [352/400], Train Loss: 123911.3185 | Validation Loss: 1086257.9727
2025-04-23 12:47:47,346:INFO: Epoch [353/400], Train Loss: 124087.8609 | Validation Loss: 1084186.7070
2025-04-23 12:48:01,673:INFO: Epoch [354/400], Train Loss: 122748.2717 | Validation Loss: 1086454.4648
2025-04-23 12:48:15,962:INFO: Epoch [355/400], Train Loss: 123079.5071 | Validation Loss: 1088446.3984
2025-04-23 12:48:30,261:INFO: Epoch [356/400], Train Loss: 123235.1652 | Validation Loss: 1085567.0078
2025-04-23 12:48:44,666:INFO: Epoch [357/400], Train Loss: 122597.1938 | Validation Loss: 1088370.9297
2025-04-23 12:48:59,058:INFO: Epoch [358/400], Train Loss: 124203.8966 | Validation Loss: 1089829.6133
2025-04-23 12:49:13,232:INFO: Epoch [359/400], Train Loss: 123311.3693 | Validation Loss: 1088860.8125
2025-04-23 12:49:27,564:INFO: Epoch [360/400], Train Loss: 122518.7718 | Validation Loss: 1089778.9375
2025-04-23 12:49:28,587:INFO: Sample images at 360 saved at ./logs/pokemon2000-vae/sample_images/sample_images_epoch_360.png
2025-04-23 12:49:42,614:INFO: Epoch [361/400], Train Loss: 123491.5805 | Validation Loss: 1085314.0508
2025-04-23 12:49:56,965:INFO: Epoch [362/400], Train Loss: 122424.3966 | Validation Loss: 1084620.0195
2025-04-23 12:50:11,114:INFO: Epoch [363/400], Train Loss: 122997.8145 | Validation Loss: 1084316.7734
2025-04-23 12:50:25,504:INFO: Epoch [364/400], Train Loss: 123228.7237 | Validation Loss: 1086641.7109
2025-04-23 12:50:39,835:INFO: Epoch [365/400], Train Loss: 122551.8994 | Validation Loss: 1082093.3359
2025-04-23 12:50:54,017:INFO: Epoch [366/400], Train Loss: 123010.3960 | Validation Loss: 1080863.7070
2025-04-23 12:51:08,460:INFO: Epoch [367/400], Train Loss: 122715.6317 | Validation Loss: 1080220.0742
2025-04-23 12:51:22,987:INFO: Epoch [368/400], Train Loss: 122599.1713 | Validation Loss: 1085546.0586
2025-04-23 12:51:37,483:INFO: Epoch [369/400], Train Loss: 122504.7081 | Validation Loss: 1079604.7188
2025-04-23 12:51:51,977:INFO: Epoch [370/400], Train Loss: 122390.1590 | Validation Loss: 1082634.2266
2025-04-23 12:52:06,491:INFO: Epoch [371/400], Train Loss: 123353.8834 | Validation Loss: 1084775.0039
2025-04-23 12:52:20,909:INFO: Epoch [372/400], Train Loss: 121763.7552 | Validation Loss: 1084562.7188
2025-04-23 12:52:35,355:INFO: Epoch [373/400], Train Loss: 123044.9425 | Validation Loss: 1086659.0938
2025-04-23 12:52:49,749:INFO: Epoch [374/400], Train Loss: 122865.2470 | Validation Loss: 1085995.4688
2025-04-23 12:53:04,234:INFO: Epoch [375/400], Train Loss: 121795.2607 | Validation Loss: 1087901.1250
2025-04-23 12:53:18,555:INFO: Epoch [376/400], Train Loss: 121712.2653 | Validation Loss: 1082625.5508
2025-04-23 12:53:32,642:INFO: Epoch [377/400], Train Loss: 122959.7139 | Validation Loss: 1079695.0547
2025-04-23 12:53:47,139:INFO: Epoch [378/400], Train Loss: 122574.9998 | Validation Loss: 1085283.8594
2025-04-23 12:54:01,447:INFO: Epoch [379/400], Train Loss: 121651.9079 | Validation Loss: 1085543.0586
2025-04-23 12:54:15,895:INFO: Epoch [380/400], Train Loss: 121804.3777 | Validation Loss: 1089104.8047
2025-04-23 12:54:16,882:INFO: Sample images at 380 saved at ./logs/pokemon2000-vae/sample_images/sample_images_epoch_380.png
2025-04-23 12:54:30,978:INFO: Epoch [381/400], Train Loss: 122675.5389 | Validation Loss: 1083990.7461
2025-04-23 12:54:45,421:INFO: Epoch [382/400], Train Loss: 121305.8540 | Validation Loss: 1092014.5469
2025-04-23 12:54:59,870:INFO: Epoch [383/400], Train Loss: 122675.4643 | Validation Loss: 1083463.8906
2025-04-23 12:55:14,307:INFO: Epoch [384/400], Train Loss: 121432.4637 | Validation Loss: 1080970.4727
2025-04-23 12:55:28,752:INFO: Epoch [385/400], Train Loss: 122295.0222 | Validation Loss: 1086692.3438
2025-04-23 12:55:42,896:INFO: Epoch [386/400], Train Loss: 121467.4833 | Validation Loss: 1084650.2266
2025-04-23 12:55:57,247:INFO: Epoch [387/400], Train Loss: 122476.0884 | Validation Loss: 1081943.3867
2025-04-23 12:56:11,532:INFO: Epoch [388/400], Train Loss: 122853.1147 | Validation Loss: 1089658.3711
2025-04-23 12:56:26,080:INFO: Epoch [389/400], Train Loss: 122321.1453 | Validation Loss: 1087186.3203
2025-04-23 12:56:40,559:INFO: Epoch [390/400], Train Loss: 121575.7846 | Validation Loss: 1085298.7617
2025-04-23 12:56:54,994:INFO: Epoch [391/400], Train Loss: 121210.2888 | Validation Loss: 1086374.5938
2025-04-23 12:57:09,130:INFO: Epoch [392/400], Train Loss: 121942.9333 | Validation Loss: 1090374.4336
2025-04-23 12:57:23,434:INFO: Epoch [393/400], Train Loss: 121846.7443 | Validation Loss: 1085298.7617
2025-04-23 12:57:37,975:INFO: Epoch [394/400], Train Loss: 123762.1859 | Validation Loss: 1083547.0430
2025-04-23 12:57:52,475:INFO: Epoch [395/400], Train Loss: 121514.7018 | Validation Loss: 1089498.7617
2025-04-23 12:58:07,022:INFO: Epoch [396/400], Train Loss: 121959.4833 | Validation Loss: 1086951.7891
2025-04-23 12:58:21,509:INFO: Epoch [397/400], Train Loss: 122457.2587 | Validation Loss: 1085709.8789
2025-04-23 12:58:35,972:INFO: Epoch [398/400], Train Loss: 121437.7424 | Validation Loss: 1084563.0312
2025-04-23 12:58:50,080:INFO: Epoch [399/400], Train Loss: 121622.5694 | Validation Loss: 1090745.3008
2025-04-23 12:59:04,323:INFO: Epoch [400/400], Train Loss: 122240.7698 | Validation Loss: 1086721.5938
2025-04-23 12:59:05,349:INFO: Sample images at 400 saved at ./logs/pokemon2000-vae/sample_images/sample_images_epoch_400.png
2025-04-23 12:59:05,349:INFO: Training complete. Best train loss: 939519.38%
